<testng-results>
  <reporter-output>
  </reporter-output>
  <suite name="ServiceLeasingTest">
    <groups>
    </groups>
    <test name="peaberry">
      <class name="org.ops4j.peaberry.test.ServiceLeasingTest">
        <test-method status="PASS" signature="staticUnaryService()" name="staticUnaryService" duration-ms="4410" started-at="2008-04-03T19:03:13Z" finished-at="2008-04-03T19:03:17Z">
        </test-method>
        <test-method status="PASS" signature="unleasedUnaryService()" name="unleasedUnaryService" duration-ms="25" started-at="2008-04-03T19:03:33Z" finished-at="2008-04-03T19:03:33Z">
        </test-method>
        <test-method status="PASS" signature="leasedUnaryService()" name="leasedUnaryService" duration-ms="4415" started-at="2008-04-03T19:03:17Z" finished-at="2008-04-03T19:03:21Z">
        </test-method>
        <test-method status="PASS" signature="staticMultiService()" name="staticMultiService" duration-ms="4409" started-at="2008-04-03T19:03:28Z" finished-at="2008-04-03T19:03:33Z">
        </test-method>
        <test-method status="PASS" signature="leasedMultiService()" name="leasedMultiService" duration-ms="6613" started-at="2008-04-03T19:03:22Z" finished-at="2008-04-03T19:03:28Z">
        </test-method>
      </class>
    </test>
  </suite>
</testng-results>
