<testng-results>
  <reporter-output>
  </reporter-output>
  <suite name="ManualBindingTest">
    <groups>
    </groups>
    <test name="peaberry">
      <class name="org.ops4j.peaberry.test.ManualBindingTest">
        <test-method status="PASS" signature="testUnaryService()" name="testUnaryService" duration-ms="8" started-at="2008-04-03T19:09:24Z" finished-at="2008-04-03T19:09:24Z">
        </test-method>
        <test-method status="PASS" signature="testMultiService()" name="testMultiService" duration-ms="1135" started-at="2008-04-03T19:09:22Z" finished-at="2008-04-03T19:09:24Z">
        </test-method>
      </class>
    </test>
  </suite>
</testng-results>
